[2024-10-03T20:00:56.855838+02:00] discord.DEBUG: Initializing DiscordPHP v7.3.5 (DiscordPHP-Http: v9.1.9 & Gateway: v9) on PHP 8.2.12 [] []
[2024-10-03T20:00:57.041107+02:00] discord.DEBUG: BUCKET getoauth2/applications/@me queued REQ GET oauth2/applications/@me [] []
[2024-10-03T20:00:57.047999+02:00] discord.DEBUG: BUCKET getgateway/bot queued REQ GET gateway/bot [] []
[2024-10-03T20:00:58.349892+02:00] discord.DEBUG: REQ GET gateway/bot successful [] []
[2024-10-03T20:00:58.349959+02:00] discord.DEBUG: http not checking {"waiting":1,"empty":true} []
[2024-10-03T20:00:58.350050+02:00] discord.INFO: gateway retrieved and set {"gateway":"wss://gateway.discord.gg/?v=9&encoding=json","session":{"max_concurrency":1,"remaining":999,"reset_after":85502172,"total":1000}} []
[2024-10-03T20:00:58.350090+02:00] discord.INFO: starting connection to websocket {"gateway":"wss://gateway.discord.gg/?v=9&encoding=json"} []
[2024-10-03T20:00:58.933039+02:00] discord.DEBUG: REQ GET oauth2/applications/@me successful [] []
[2024-10-03T20:00:58.933200+02:00] discord.DEBUG: http not checking {"waiting":0,"empty":true} []
[2024-10-03T20:00:59.194077+02:00] discord.INFO: websocket connection has been created [] []
[2024-10-03T20:00:59.194961+02:00] discord.INFO: received hello [] []
[2024-10-03T20:00:59.195023+02:00] discord.DEBUG: sending heartbeat {"seq":null} []
[2024-10-03T20:00:59.195106+02:00] discord.INFO: heartbeat timer initilized {"interval":41250.0} []
[2024-10-03T20:00:59.195151+02:00] discord.INFO: identifying {"payload":{"op":2,"d":{"token":"xxxxxx","properties":{"os":"WINNT","browser":"DiscordBot (https://github.com/discord-php/DiscordPHP-HTTP, v9.1.9)","device":"DiscordBot (https://github.com/discord-php/DiscordPHP-HTTP, v9.1.9)","referrer":"https://github.com/discord-php/DiscordPHP","referring_domain":"https://github.com/discord-php/DiscordPHP"},"compress":true,"intents":34507,"shard":[0,5]}}} []
[2024-10-03T20:00:59.333113+02:00] discord.DEBUG: received heartbeat ack {"response_time":138.0000114440918} []
[2024-10-03T20:00:59.367665+02:00] discord.WARNING: websocket closed {"op":4014,"reason":"Disallowed intent(s)."} []
[2024-10-03T20:00:59.367745+02:00] discord.ERROR: not reconnecting - critical op code {"op":4014,"reason":"Disallowed intent(s)."} []
[2024-10-03T20:01:16.431677+02:00] discord.DEBUG: Initializing DiscordPHP v7.3.5 (DiscordPHP-Http: v9.1.9 & Gateway: v9) on PHP 8.2.12 [] []
[2024-10-03T20:01:16.616846+02:00] discord.DEBUG: BUCKET getoauth2/applications/@me queued REQ GET oauth2/applications/@me [] []
[2024-10-03T20:01:16.623673+02:00] discord.DEBUG: BUCKET getgateway/bot queued REQ GET gateway/bot [] []
[2024-10-03T20:01:17.939169+02:00] discord.DEBUG: REQ GET gateway/bot successful [] []
[2024-10-03T20:01:17.939240+02:00] discord.DEBUG: http not checking {"waiting":1,"empty":true} []
[2024-10-03T20:01:17.939335+02:00] discord.INFO: gateway retrieved and set {"gateway":"wss://gateway.discord.gg/?v=9&encoding=json","session":{"max_concurrency":1,"remaining":998,"reset_after":85482590,"total":1000}} []
[2024-10-03T20:01:17.939377+02:00] discord.INFO: starting connection to websocket {"gateway":"wss://gateway.discord.gg/?v=9&encoding=json"} []
[2024-10-03T20:01:18.592231+02:00] discord.DEBUG: REQ GET oauth2/applications/@me successful [] []
[2024-10-03T20:01:18.592301+02:00] discord.DEBUG: http not checking {"waiting":0,"empty":true} []
[2024-10-03T20:01:18.871647+02:00] discord.INFO: websocket connection has been created [] []
[2024-10-03T20:01:18.872840+02:00] discord.INFO: received hello [] []
[2024-10-03T20:01:18.872954+02:00] discord.DEBUG: sending heartbeat {"seq":null} []
[2024-10-03T20:01:18.873173+02:00] discord.INFO: heartbeat timer initilized {"interval":41250.0} []
[2024-10-03T20:01:18.873275+02:00] discord.INFO: identifying {"payload":{"op":2,"d":{"token":"xxxxxx","properties":{"os":"WINNT","browser":"DiscordBot (https://github.com/discord-php/DiscordPHP-HTTP, v9.1.9)","device":"DiscordBot (https://github.com/discord-php/DiscordPHP-HTTP, v9.1.9)","referrer":"https://github.com/discord-php/DiscordPHP","referring_domain":"https://github.com/discord-php/DiscordPHP"},"compress":true,"intents":34507,"shard":[0,5]}}} []
[2024-10-03T20:01:19.024408+02:00] discord.DEBUG: received heartbeat ack {"response_time":151.2429714202881} []
[2024-10-03T20:01:19.060410+02:00] discord.WARNING: websocket closed {"op":4014,"reason":"Disallowed intent(s)."} []
[2024-10-03T20:01:19.060493+02:00] discord.ERROR: not reconnecting - critical op code {"op":4014,"reason":"Disallowed intent(s)."} []
[2024-10-03T20:01:36.337245+02:00] discord.DEBUG: Initializing DiscordPHP v7.3.5 (DiscordPHP-Http: v9.1.9 & Gateway: v9) on PHP 8.2.12 [] []
[2024-10-03T20:01:36.507509+02:00] discord.DEBUG: BUCKET getoauth2/applications/@me queued REQ GET oauth2/applications/@me [] []
[2024-10-03T20:01:36.514399+02:00] discord.DEBUG: BUCKET getgateway/bot queued REQ GET gateway/bot [] []
[2024-10-03T20:01:37.793284+02:00] discord.DEBUG: REQ GET gateway/bot successful [] []
[2024-10-03T20:01:37.793350+02:00] discord.DEBUG: http not checking {"waiting":1,"empty":true} []
[2024-10-03T20:01:37.793441+02:00] discord.INFO: gateway retrieved and set {"gateway":"wss://gateway.discord.gg/?v=9&encoding=json","session":{"max_concurrency":1,"remaining":997,"reset_after":85462731,"total":1000}} []
[2024-10-03T20:01:37.793481+02:00] discord.INFO: starting connection to websocket {"gateway":"wss://gateway.discord.gg/?v=9&encoding=json"} []
[2024-10-03T20:01:38.320985+02:00] discord.DEBUG: REQ GET oauth2/applications/@me successful [] []
[2024-10-03T20:01:38.321054+02:00] discord.DEBUG: http not checking {"waiting":0,"empty":true} []
[2024-10-03T20:01:38.606329+02:00] discord.INFO: websocket connection has been created [] []
[2024-10-03T20:01:38.607267+02:00] discord.INFO: received hello [] []
[2024-10-03T20:01:38.607347+02:00] discord.DEBUG: sending heartbeat {"seq":null} []
[2024-10-03T20:01:38.607493+02:00] discord.INFO: heartbeat timer initilized {"interval":41250.0} []
[2024-10-03T20:01:38.607568+02:00] discord.INFO: identifying {"payload":{"op":2,"d":{"token":"xxxxxx","properties":{"os":"WINNT","browser":"DiscordBot (https://github.com/discord-php/DiscordPHP-HTTP, v9.1.9)","device":"DiscordBot (https://github.com/discord-php/DiscordPHP-HTTP, v9.1.9)","referrer":"https://github.com/discord-php/DiscordPHP","referring_domain":"https://github.com/discord-php/DiscordPHP"},"compress":true,"intents":34507,"shard":[0,5]}}} []
[2024-10-03T20:01:38.746389+02:00] discord.DEBUG: received heartbeat ack {"response_time":138.89503479003906} []
[2024-10-03T20:01:38.782455+02:00] discord.WARNING: websocket closed {"op":4014,"reason":"Disallowed intent(s)."} []
[2024-10-03T20:01:38.782536+02:00] discord.ERROR: not reconnecting - critical op code {"op":4014,"reason":"Disallowed intent(s)."} []
[2024-10-03T20:01:44.397609+02:00] discord.DEBUG: Initializing DiscordPHP v7.3.5 (DiscordPHP-Http: v9.1.9 & Gateway: v9) on PHP 8.2.12 [] []
[2024-10-03T20:01:44.567837+02:00] discord.DEBUG: BUCKET getoauth2/applications/@me queued REQ GET oauth2/applications/@me [] []
[2024-10-03T20:01:44.574628+02:00] discord.DEBUG: BUCKET getgateway/bot queued REQ GET gateway/bot [] []
[2024-10-03T20:01:45.981776+02:00] discord.DEBUG: REQ GET gateway/bot successful [] []
[2024-10-03T20:01:45.981841+02:00] discord.DEBUG: http not checking {"waiting":1,"empty":true} []
[2024-10-03T20:01:45.981932+02:00] discord.INFO: gateway retrieved and set {"gateway":"wss://gateway.discord.gg/?v=9&encoding=json","session":{"max_concurrency":1,"remaining":996,"reset_after":85454580,"total":1000}} []
[2024-10-03T20:01:45.981973+02:00] discord.INFO: starting connection to websocket {"gateway":"wss://gateway.discord.gg/?v=9&encoding=json"} []
[2024-10-03T20:01:46.512279+02:00] discord.DEBUG: REQ GET oauth2/applications/@me successful [] []
[2024-10-03T20:01:46.512359+02:00] discord.DEBUG: http not checking {"waiting":0,"empty":true} []
[2024-10-03T20:01:46.816393+02:00] discord.INFO: websocket connection has been created [] []
[2024-10-03T20:01:46.817209+02:00] discord.INFO: received hello [] []
[2024-10-03T20:01:46.817263+02:00] discord.DEBUG: sending heartbeat {"seq":null} []
[2024-10-03T20:01:46.817396+02:00] discord.INFO: heartbeat timer initilized {"interval":41250.0} []
[2024-10-03T20:01:46.817444+02:00] discord.INFO: identifying {"payload":{"op":2,"d":{"token":"xxxxxx","properties":{"os":"WINNT","browser":"DiscordBot (https://github.com/discord-php/DiscordPHP-HTTP, v9.1.9)","device":"DiscordBot (https://github.com/discord-php/DiscordPHP-HTTP, v9.1.9)","referrer":"https://github.com/discord-php/DiscordPHP","referring_domain":"https://github.com/discord-php/DiscordPHP"},"compress":true,"intents":34507,"shard":[0,5]}}} []
[2024-10-03T20:01:46.970343+02:00] discord.DEBUG: received heartbeat ack {"response_time":152.9388427734375} []
[2024-10-03T20:01:47.014219+02:00] discord.WARNING: websocket closed {"op":4014,"reason":"Disallowed intent(s)."} []
[2024-10-03T20:01:47.014277+02:00] discord.ERROR: not reconnecting - critical op code {"op":4014,"reason":"Disallowed intent(s)."} []
[2024-10-03T20:02:48.521070+02:00] discord.DEBUG: Initializing DiscordPHP v7.3.5 (DiscordPHP-Http: v9.1.9 & Gateway: v9) on PHP 8.2.12 [] []
[2024-10-03T20:02:48.706221+02:00] discord.DEBUG: BUCKET getoauth2/applications/@me queued REQ GET oauth2/applications/@me [] []
[2024-10-03T20:02:48.713109+02:00] discord.DEBUG: BUCKET getgateway/bot queued REQ GET gateway/bot [] []
[2024-10-03T20:02:50.054799+02:00] discord.DEBUG: REQ GET gateway/bot successful [] []
[2024-10-03T20:02:50.054868+02:00] discord.DEBUG: http not checking {"waiting":1,"empty":true} []
[2024-10-03T20:02:50.054966+02:00] discord.INFO: gateway retrieved and set {"gateway":"wss://gateway.discord.gg/?v=9&encoding=json","session":{"max_concurrency":1,"remaining":995,"reset_after":85390469,"total":1000}} []
[2024-10-03T20:02:50.055009+02:00] discord.INFO: starting connection to websocket {"gateway":"wss://gateway.discord.gg/?v=9&encoding=json"} []
[2024-10-03T20:02:50.621941+02:00] discord.DEBUG: REQ GET oauth2/applications/@me successful [] []
[2024-10-03T20:02:50.622009+02:00] discord.DEBUG: http not checking {"waiting":0,"empty":true} []
[2024-10-03T20:02:50.884759+02:00] discord.INFO: websocket connection has been created [] []
[2024-10-03T20:02:50.885603+02:00] discord.INFO: received hello [] []
[2024-10-03T20:02:50.885659+02:00] discord.DEBUG: sending heartbeat {"seq":null} []
[2024-10-03T20:02:50.885734+02:00] discord.INFO: heartbeat timer initilized {"interval":41250.0} []
[2024-10-03T20:02:50.885778+02:00] discord.INFO: identifying {"payload":{"op":2,"d":{"token":"xxxxxx","properties":{"os":"WINNT","browser":"DiscordBot (https://github.com/discord-php/DiscordPHP-HTTP, v9.1.9)","device":"DiscordBot (https://github.com/discord-php/DiscordPHP-HTTP, v9.1.9)","referrer":"https://github.com/discord-php/DiscordPHP","referring_domain":"https://github.com/discord-php/DiscordPHP"},"compress":true,"intents":34507,"shard":[0,5]}}} []
[2024-10-03T20:02:51.018931+02:00] discord.DEBUG: received heartbeat ack {"response_time":133.18896293640137} []
[2024-10-03T20:02:51.160896+02:00] discord.DEBUG: ready packet received [] []
[2024-10-03T20:02:51.160968+02:00] discord.DEBUG: resume_gateway_url received {"url":"wss://gateway-us-east1-b.discord.gg"} []
[2024-10-03T20:02:51.161007+02:00] discord.DEBUG: discord trace received {"trace":["[\"gateway-prd-us-east1-b-5kdz\",{\"micros\":140084,\"calls\":[\"id_created\",{\"micros\":819,\"calls\":[]},\"session_lookup_time\",{\"micros\":356,\"calls\":[]},\"session_lookup_finished\",{\"micros\":13,\"calls\":[]},\"discord-sessions-prd-1-292\",{\"micros\":138471,\"calls\":[\"start_session\",{\"micros\":94561,\"calls\":[\"discord-api-rpc-645c5947f8-c56rd\",{\"micros\":91097,\"calls\":[\"get_user\",{\"micros\":5698},\"get_guilds\",{\"micros\":14836},\"send_scheduled_deletion_message\",{\"micros\":7},\"guild_join_requests\",{\"micros\":34796},\"authorized_ip_coro\",{\"micros\":5}]}]},\"starting_guild_connect\",{\"micros\":62,\"calls\":[]},\"presence_started\",{\"micros\":3497,\"calls\":[]},\"guilds_started\",{\"micros\":1,\"calls\":[]},\"guilds_connect\",{\"micros\":1,\"calls\":[]},\"presence_connect\",{\"micros\":40299,\"calls\":[]},\"connect_finished\",{\"micros\":40312,\"calls\":[]},\"build_ready\",{\"micros\":25,\"calls\":[]},\"clean_ready\",{\"micros\":1,\"calls\":[]},\"optimize_ready\",{\"micros\":1,\"calls\":[]},\"split_ready\",{\"micros\":0,\"calls\":[]}]}]}]"]} []
[2024-10-03T20:02:51.161759+02:00] discord.DEBUG: client created and session id stored {"session_id":"e0bfa4e92a31a44e70ba322c276be51f","user":{"id":"1290775700063911966","username":"Little Alka","discriminator":"6279","avatar":"https://cdn.discordapp.com/embed/avatars/4.png?size=1024","bot":true,"system":null,"mfa_enabled":true,"locale":null,"verified":true,"email":null,"flags":0,"banner":null,"accent_color":null,"premium_type":null,"public_flags":null}} []
[2024-10-03T20:02:51.163512+02:00] discord.INFO: stored guilds {"count":0,"unavailable":0} []
[2024-10-03T20:02:51.163559+02:00] discord.INFO: client is ready [] []
[2024-10-03T20:03:14.574856+02:00] discord.DEBUG: Initializing DiscordPHP v7.3.5 (DiscordPHP-Http: v9.1.9 & Gateway: v9) on PHP 8.2.12 [] []
[2024-10-03T20:03:14.744460+02:00] discord.DEBUG: BUCKET getoauth2/applications/@me queued REQ GET oauth2/applications/@me [] []
[2024-10-03T20:03:14.751468+02:00] discord.DEBUG: BUCKET getgateway/bot queued REQ GET gateway/bot [] []
[2024-10-03T20:03:16.160511+02:00] discord.DEBUG: REQ GET gateway/bot successful [] []
[2024-10-03T20:03:16.160602+02:00] discord.DEBUG: http not checking {"waiting":1,"empty":true} []
[2024-10-03T20:03:16.160781+02:00] discord.INFO: gateway retrieved and set {"gateway":"wss://gateway.discord.gg/?v=9&encoding=json","session":{"max_concurrency":1,"remaining":994,"reset_after":85364370,"total":1000}} []
[2024-10-03T20:03:16.160833+02:00] discord.INFO: starting connection to websocket {"gateway":"wss://gateway.discord.gg/?v=9&encoding=json"} []
[2024-10-03T20:03:16.796344+02:00] discord.DEBUG: REQ GET oauth2/applications/@me successful [] []
[2024-10-03T20:03:16.796430+02:00] discord.DEBUG: http not checking {"waiting":0,"empty":true} []
[2024-10-03T20:03:17.061521+02:00] discord.INFO: websocket connection has been created [] []
[2024-10-03T20:03:17.062439+02:00] discord.INFO: received hello [] []
[2024-10-03T20:03:17.062501+02:00] discord.DEBUG: sending heartbeat {"seq":null} []
[2024-10-03T20:03:17.062580+02:00] discord.INFO: heartbeat timer initilized {"interval":41250.0} []
[2024-10-03T20:03:17.062625+02:00] discord.INFO: identifying {"payload":{"op":2,"d":{"token":"xxxxxx","properties":{"os":"WINNT","browser":"DiscordBot (https://github.com/discord-php/DiscordPHP-HTTP, v9.1.9)","device":"DiscordBot (https://github.com/discord-php/DiscordPHP-HTTP, v9.1.9)","referrer":"https://github.com/discord-php/DiscordPHP","referring_domain":"https://github.com/discord-php/DiscordPHP"},"compress":true,"intents":34507,"shard":[0,5]}}} []
[2024-10-03T20:03:17.227414+02:00] discord.DEBUG: received heartbeat ack {"response_time":164.8249626159668} []
[2024-10-03T20:03:17.305297+02:00] discord.DEBUG: ready packet received [] []
[2024-10-03T20:03:17.305388+02:00] discord.DEBUG: resume_gateway_url received {"url":"wss://gateway-us-east1-b.discord.gg"} []
[2024-10-03T20:03:17.305431+02:00] discord.DEBUG: discord trace received {"trace":["[\"gateway-prd-us-east1-b-m9t5\",{\"micros\":104700,\"calls\":[\"id_created\",{\"micros\":641,\"calls\":[]},\"session_lookup_time\",{\"micros\":392,\"calls\":[]},\"session_lookup_finished\",{\"micros\":22,\"calls\":[]},\"discord-sessions-prd-1-172\",{\"micros\":102973,\"calls\":[\"start_session\",{\"micros\":53331,\"calls\":[\"discord-api-rpc-645c5947f8-cxhsk\",{\"micros\":49503,\"calls\":[\"get_user\",{\"micros\":7537},\"get_guilds\",{\"micros\":4101},\"send_scheduled_deletion_message\",{\"micros\":5},\"guild_join_requests\",{\"micros\":1},\"authorized_ip_coro\",{\"micros\":9}]}]},\"starting_guild_connect\",{\"micros\":78,\"calls\":[]},\"presence_started\",{\"micros\":15874,\"calls\":[]},\"guilds_started\",{\"micros\":1,\"calls\":[]},\"guilds_connect\",{\"micros\":1,\"calls\":[]},\"presence_connect\",{\"micros\":33665,\"calls\":[]},\"connect_finished\",{\"micros\":33671,\"calls\":[]},\"build_ready\",{\"micros\":12,\"calls\":[]},\"clean_ready\",{\"micros\":1,\"calls\":[]},\"optimize_ready\",{\"micros\":0,\"calls\":[]},\"split_ready\",{\"micros\":1,\"calls\":[]}]}]}]"]} []
[2024-10-03T20:03:17.306227+02:00] discord.DEBUG: client created and session id stored {"session_id":"9827623c5367a306b5e2b0521d60bf97","user":{"id":"1290775700063911966","username":"Little Alka","discriminator":"6279","avatar":"https://cdn.discordapp.com/embed/avatars/4.png?size=1024","bot":true,"system":null,"mfa_enabled":true,"locale":null,"verified":true,"email":null,"flags":0,"banner":null,"accent_color":null,"premium_type":null,"public_flags":null}} []
[2024-10-03T20:03:17.308473+02:00] discord.INFO: stored guilds {"count":0,"unavailable":0} []
[2024-10-03T20:03:17.308659+02:00] discord.INFO: client is ready [] []
[2024-10-03T20:03:58.320503+02:00] discord.DEBUG: sending heartbeat {"seq":1} []
[2024-10-03T20:03:58.462647+02:00] discord.DEBUG: received heartbeat ack {"response_time":142.0118808746338} []
